<?xml version="1.0" encoding="UTF-8"?>
<!-- Generated by org.testng.reporters.JUnitXMLReporter -->
<testsuite hostname="DESKTOP-MD2112N" ignored="0" name="Get Started Form Test" tests="3" failures="0" timestamp="01 Jul 2020 04:01:27 GMT" time="47.585" errors="0">
  <testcase name="GetStartedForm" time="17.232" classname="com.nationalguard.testcases.GetStartedFormTest"/>
  <testcase name="GetStartedForm" time="27.659" classname="com.nationalguard.testcases.GetStartedFormTest"/>
  <testcase name="GetStartedForm" time="0.001" classname="com.nationalguard.testcases.GetStartedFormTest">
    <skipped/>
  </testcase> <!-- GetStartedForm -->
</testsuite> <!-- Get Started Form Test -->
