<?xml version="1.0" encoding="UTF-8"?>
<!-- Generated by org.testng.reporters.JUnitXMLReporter -->
<testsuite hostname="DESKTOP-MD2112N" ignored="0" name="Get Started Form Test" tests="3" failures="2" timestamp="12 Feb 2021 00:14:25 GMT" time="8.882" errors="0">
  <testcase name="GetStartedForm" time="3.02" classname="com.nationalguard.testcases.GetStartedFormTest">
    <failure type="org.openqa.selenium.WebDriverException" message="unknown error: net::ERR_NAME_NOT_RESOLVED
  (Session info: chrome=88.0.4324.150)
Build info: version: &amp;apos;3.141.59&amp;apos;, revision: &amp;apos;e82be7d358&amp;apos;, time: &amp;apos;2018-11-14T08:17:03&amp;apos;
System info: host: &amp;apos;DESKTOP-MD2112N&amp;apos;, ip: &amp;apos;192.168.56.1&amp;apos;, os.name: &amp;apos;Windows 10&amp;apos;, os.arch: &amp;apos;amd64&amp;apos;, os.version: &amp;apos;10.0&amp;apos;, java.version: &amp;apos;1.8.0_241&amp;apos;
Driver info: org.openqa.selenium.chrome.ChromeDriver
Capabilities {acceptInsecureCerts: false, browserName: chrome, browserVersion: 88.0.4324.150, chrome: {chromedriverVersion: 88.0.4324.96 (68dba2d8a0b14..., userDataDir: C:\Users\ajayr\AppData\Loca...}, goog:chromeOptions: {debuggerAddress: localhost:51488}, javascriptEnabled: true, networkConnectionEnabled: false, pageLoadStrategy: eager, platform: WINDOWS, platformName: WINDOWS, proxy: Proxy(), setWindowRect: true, strictFileInteractability: false, timeouts: {implicit: 0, pageLoad: 300000, script: 30000}, unhandledPromptBehavior: dismiss and notify, webauthn:extension:largeBlob: true, webauthn:virtualAuthenticators: true}
Session ID: 4f926bdd47aeba70fda1b1cbdec003f9">
      <![CDATA[org.openqa.selenium.WebDriverException: unknown error: net::ERR_NAME_NOT_RESOLVED
  (Session info: chrome=88.0.4324.150)
Build info: version: '3.141.59', revision: 'e82be7d358', time: '2018-11-14T08:17:03'
System info: host: 'DESKTOP-MD2112N', ip: '192.168.56.1', os.name: 'Windows 10', os.arch: 'amd64', os.version: '10.0', java.version: '1.8.0_241'
Driver info: org.openqa.selenium.chrome.ChromeDriver
Capabilities {acceptInsecureCerts: false, browserName: chrome, browserVersion: 88.0.4324.150, chrome: {chromedriverVersion: 88.0.4324.96 (68dba2d8a0b14..., userDataDir: C:\Users\ajayr\AppData\Loca...}, goog:chromeOptions: {debuggerAddress: localhost:51488}, javascriptEnabled: true, networkConnectionEnabled: false, pageLoadStrategy: eager, platform: WINDOWS, platformName: WINDOWS, proxy: Proxy(), setWindowRect: true, strictFileInteractability: false, timeouts: {implicit: 0, pageLoad: 300000, script: 30000}, unhandledPromptBehavior: dismiss and notify, webauthn:extension:largeBlob: true, webauthn:virtualAuthenticators: true}
Session ID: 4f926bdd47aeba70fda1b1cbdec003f9
at org.openqa.selenium.remote.http.W3CHttpResponseCodec.createException(W3CHttpResponseCodec.java:187)
at org.openqa.selenium.remote.http.W3CHttpResponseCodec.decode(W3CHttpResponseCodec.java:122)
at org.openqa.selenium.remote.http.W3CHttpResponseCodec.decode(W3CHttpResponseCodec.java:49)
at org.openqa.selenium.remote.HttpCommandExecutor.execute(HttpCommandExecutor.java:158)
at org.openqa.selenium.remote.service.DriverCommandExecutor.execute(DriverCommandExecutor.java:83)
at org.openqa.selenium.remote.RemoteWebDriver.execute(RemoteWebDriver.java:552)
at org.openqa.selenium.remote.RemoteWebDriver.get(RemoteWebDriver.java:277)
at com.nationalguard.base.BaseTest.navigate(BaseTest.java:128)
at com.nationalguard.testcases.GetStartedFormTest.GetStartedForm(GetStartedFormTest.java:34)
... Removed 33 stack frames]]>
    </failure>
  </testcase> <!-- GetStartedForm -->
  <testcase name="GetStartedForm" time="3.801" classname="com.nationalguard.testcases.GetStartedFormTest">
    <failure type="org.openqa.selenium.WebDriverException" message="Reached error page: about:neterror?e=dnsNotFound&amp;amp;u=https%3A//www.nationalguard1.com/&amp;amp;c=UTF-8&amp;amp;d=We%20can%E2%80%99t%20connect%20to%20the%20server%20at%20www.nationalguard1.com.
Build info: version: &amp;apos;3.141.59&amp;apos;, revision: &amp;apos;e82be7d358&amp;apos;, time: &amp;apos;2018-11-14T08:17:03&amp;apos;
System info: host: &amp;apos;DESKTOP-MD2112N&amp;apos;, ip: &amp;apos;192.168.56.1&amp;apos;, os.name: &amp;apos;Windows 10&amp;apos;, os.arch: &amp;apos;amd64&amp;apos;, os.version: &amp;apos;10.0&amp;apos;, java.version: &amp;apos;1.8.0_241&amp;apos;
Driver info: org.openqa.selenium.firefox.FirefoxDriver
Capabilities {acceptInsecureCerts: true, browserName: firefox, browserVersion: 81.0, javascriptEnabled: true, moz:accessibilityChecks: false, moz:buildID: 20200917005511, moz:geckodriverVersion: 0.29.0, moz:headless: false, moz:processID: 11224, moz:profile: C:\Users\ajayr\AppData\Loca..., moz:shutdownTimeout: 60000, moz:useNonSpecCompliantPointerOrigin: false, moz:webdriverClick: true, pageLoadStrategy: normal, platform: WINDOWS, platformName: WINDOWS, platformVersion: 10.0, rotatable: false, setWindowRect: true, strictFileInteractability: false, timeouts: {implicit: 0, pageLoad: 300000, script: 30000}, unhandledPromptBehavior: dismiss and notify}
Session ID: 598654e7-5aa0-4cf1-a50c-cc25decf6c26">
      <![CDATA[org.openqa.selenium.WebDriverException: Reached error page: about:neterror?e=dnsNotFound&u=https%3A//www.nationalguard1.com/&c=UTF-8&d=We%20can%E2%80%99t%20connect%20to%20the%20server%20at%20www.nationalguard1.com.
Build info: version: '3.141.59', revision: 'e82be7d358', time: '2018-11-14T08:17:03'
System info: host: 'DESKTOP-MD2112N', ip: '192.168.56.1', os.name: 'Windows 10', os.arch: 'amd64', os.version: '10.0', java.version: '1.8.0_241'
Driver info: org.openqa.selenium.firefox.FirefoxDriver
Capabilities {acceptInsecureCerts: true, browserName: firefox, browserVersion: 81.0, javascriptEnabled: true, moz:accessibilityChecks: false, moz:buildID: 20200917005511, moz:geckodriverVersion: 0.29.0, moz:headless: false, moz:processID: 11224, moz:profile: C:\Users\ajayr\AppData\Loca..., moz:shutdownTimeout: 60000, moz:useNonSpecCompliantPointerOrigin: false, moz:webdriverClick: true, pageLoadStrategy: normal, platform: WINDOWS, platformName: WINDOWS, platformVersion: 10.0, rotatable: false, setWindowRect: true, strictFileInteractability: false, timeouts: {implicit: 0, pageLoad: 300000, script: 30000}, unhandledPromptBehavior: dismiss and notify}
Session ID: 598654e7-5aa0-4cf1-a50c-cc25decf6c26
at org.openqa.selenium.remote.http.W3CHttpResponseCodec.createException(W3CHttpResponseCodec.java:187)
at org.openqa.selenium.remote.http.W3CHttpResponseCodec.decode(W3CHttpResponseCodec.java:122)
at org.openqa.selenium.remote.http.W3CHttpResponseCodec.decode(W3CHttpResponseCodec.java:49)
at org.openqa.selenium.remote.HttpCommandExecutor.execute(HttpCommandExecutor.java:158)
at org.openqa.selenium.remote.service.DriverCommandExecutor.execute(DriverCommandExecutor.java:83)
at org.openqa.selenium.remote.RemoteWebDriver.execute(RemoteWebDriver.java:552)
at org.openqa.selenium.remote.RemoteWebDriver.get(RemoteWebDriver.java:277)
at com.nationalguard.base.BaseTest.navigate(BaseTest.java:128)
at com.nationalguard.testcases.GetStartedFormTest.GetStartedForm(GetStartedFormTest.java:34)
... Removed 33 stack frames]]>
    </failure>
  </testcase> <!-- GetStartedForm -->
  <testcase name="GetStartedForm" time="0.001" classname="com.nationalguard.testcases.GetStartedFormTest">
    <skipped/>
  </testcase> <!-- GetStartedForm -->
</testsuite> <!-- Get Started Form Test -->
