<?xml version="1.0" encoding="UTF-8"?>
<testng-results skipped="0" failed="3" ignored="0" total="3" passed="0">
  <reporter-output>
  </reporter-output>
  <suite name="Default suite" duration-ms="140" started-at="2020-12-26T21:26:31Z" finished-at="2020-12-26T21:26:31Z">
    <groups>
    </groups>
    <test name="Default test" duration-ms="140" started-at="2020-12-26T21:26:31Z" finished-at="2020-12-26T21:26:31Z">
      <class name="com.nationalguard.testcases.GetStartedFormTest">
        <test-method status="PASS" signature="setUp()[pri:0, instance:com.nationalguard.testcases.GetStartedFormTest@514646ef]" name="setUp" is-config="true" duration-ms="384" started-at="2020-12-26T21:26:30Z" finished-at="2020-12-26T21:26:31Z">
          <reporter-output>
          </reporter-output>
        </test-method> <!-- setUp -->
        <test-method status="FAIL" signature="GetStartedForm(java.util.Hashtable)[pri:0, instance:com.nationalguard.testcases.GetStartedFormTest@514646ef]" name="GetStartedForm" duration-ms="93" started-at="2020-12-26T21:26:31Z" data-provider="data" finished-at="2020-12-26T21:26:31Z">
          <params>
            <param index="0">
              <value>
                <![CDATA[{Birthdate=02-11-1990, FirstName=Tom, Zipcode=22009, LastName=Smith, Runmode=Y, PhoneNumber=(571)-379-0222, Email=tom@tom.com, Browser=chrome}]]>
              </value>
            </param>
          </params>
          <exception class="java.lang.NullPointerException">
            <full-stacktrace>
              <![CDATA[java.lang.NullPointerException
at com.nationalguard.base.BaseTest.getLog(BaseTest.java:474)
at com.nationalguard.testcases.GetStartedFormTest.GetStartedForm(GetStartedFormTest.java:19)
at sun.reflect.NativeMethodAccessorImpl.invoke0(Native Method)
at sun.reflect.NativeMethodAccessorImpl.invoke(NativeMethodAccessorImpl.java:62)
at sun.reflect.DelegatingMethodAccessorImpl.invoke(DelegatingMethodAccessorImpl.java:43)
at java.lang.reflect.Method.invoke(Method.java:498)
at org.testng.internal.MethodInvocationHelper.invokeMethod(MethodInvocationHelper.java:124)
at org.testng.internal.Invoker.invokeMethod(Invoker.java:583)
at org.testng.internal.Invoker.invokeTestMethod(Invoker.java:719)
at org.testng.internal.Invoker.invokeTestMethods(Invoker.java:989)
at org.testng.internal.TestMethodWorker.invokeTestMethods(TestMethodWorker.java:125)
at org.testng.internal.TestMethodWorker.run(TestMethodWorker.java:109)
at org.testng.TestRunner.privateRun(TestRunner.java:648)
at org.testng.TestRunner.run(TestRunner.java:505)
at org.testng.SuiteRunner.runTest(SuiteRunner.java:455)
at org.testng.SuiteRunner.runSequentially(SuiteRunner.java:450)
at org.testng.SuiteRunner.privateRun(SuiteRunner.java:415)
at org.testng.SuiteRunner.run(SuiteRunner.java:364)
at org.testng.SuiteRunnerWorker.runSuite(SuiteRunnerWorker.java:52)
at org.testng.SuiteRunnerWorker.run(SuiteRunnerWorker.java:84)
at org.testng.TestNG.runSuitesSequentially(TestNG.java:1208)
at org.testng.TestNG.runSuitesLocally(TestNG.java:1137)
at org.testng.TestNG.runSuites(TestNG.java:1049)
at org.testng.TestNG.run(TestNG.java:1017)
at org.testng.remote.AbstractRemoteTestNG.run(AbstractRemoteTestNG.java:115)
at org.testng.remote.RemoteTestNG.initAndRun(RemoteTestNG.java:251)
at org.testng.remote.RemoteTestNG.main(RemoteTestNG.java:77)
]]>
            </full-stacktrace>
          </exception> <!-- java.lang.NullPointerException -->
          <reporter-output>
          </reporter-output>
        </test-method> <!-- GetStartedForm -->
        <test-method status="PASS" signature="quit()[pri:0, instance:com.nationalguard.testcases.GetStartedFormTest@514646ef]" name="quit" is-config="true" duration-ms="0" started-at="2020-12-26T21:26:31Z" finished-at="2020-12-26T21:26:31Z">
          <reporter-output>
          </reporter-output>
        </test-method> <!-- quit -->
        <test-method status="FAIL" signature="GetStartedForm(java.util.Hashtable)[pri:0, instance:com.nationalguard.testcases.GetStartedFormTest@514646ef]" name="GetStartedForm" duration-ms="1" started-at="2020-12-26T21:26:31Z" data-provider="data" finished-at="2020-12-26T21:26:31Z">
          <params>
            <param index="0">
              <value>
                <![CDATA[{Birthdate=02-11-1991, FirstName=Tommy, Zipcode=22015, LastName=Smith, Runmode=Y, PhoneNumber=(571)-379-0222, Email=tom@tom.com, Browser=firefox}]]>
              </value>
            </param>
          </params>
          <exception class="java.lang.NullPointerException">
            <full-stacktrace>
              <![CDATA[java.lang.NullPointerException
at com.nationalguard.base.BaseTest.getLog(BaseTest.java:474)
at com.nationalguard.testcases.GetStartedFormTest.GetStartedForm(GetStartedFormTest.java:19)
at sun.reflect.NativeMethodAccessorImpl.invoke0(Native Method)
at sun.reflect.NativeMethodAccessorImpl.invoke(NativeMethodAccessorImpl.java:62)
at sun.reflect.DelegatingMethodAccessorImpl.invoke(DelegatingMethodAccessorImpl.java:43)
at java.lang.reflect.Method.invoke(Method.java:498)
at org.testng.internal.MethodInvocationHelper.invokeMethod(MethodInvocationHelper.java:124)
at org.testng.internal.Invoker.invokeMethod(Invoker.java:583)
at org.testng.internal.Invoker.invokeTestMethod(Invoker.java:719)
at org.testng.internal.Invoker.invokeTestMethods(Invoker.java:989)
at org.testng.internal.TestMethodWorker.invokeTestMethods(TestMethodWorker.java:125)
at org.testng.internal.TestMethodWorker.run(TestMethodWorker.java:109)
at org.testng.TestRunner.privateRun(TestRunner.java:648)
at org.testng.TestRunner.run(TestRunner.java:505)
at org.testng.SuiteRunner.runTest(SuiteRunner.java:455)
at org.testng.SuiteRunner.runSequentially(SuiteRunner.java:450)
at org.testng.SuiteRunner.privateRun(SuiteRunner.java:415)
at org.testng.SuiteRunner.run(SuiteRunner.java:364)
at org.testng.SuiteRunnerWorker.runSuite(SuiteRunnerWorker.java:52)
at org.testng.SuiteRunnerWorker.run(SuiteRunnerWorker.java:84)
at org.testng.TestNG.runSuitesSequentially(TestNG.java:1208)
at org.testng.TestNG.runSuitesLocally(TestNG.java:1137)
at org.testng.TestNG.runSuites(TestNG.java:1049)
at org.testng.TestNG.run(TestNG.java:1017)
at org.testng.remote.AbstractRemoteTestNG.run(AbstractRemoteTestNG.java:115)
at org.testng.remote.RemoteTestNG.initAndRun(RemoteTestNG.java:251)
at org.testng.remote.RemoteTestNG.main(RemoteTestNG.java:77)
]]>
            </full-stacktrace>
          </exception> <!-- java.lang.NullPointerException -->
          <reporter-output>
          </reporter-output>
        </test-method> <!-- GetStartedForm -->
        <test-method status="FAIL" signature="GetStartedForm(java.util.Hashtable)[pri:0, instance:com.nationalguard.testcases.GetStartedFormTest@514646ef]" name="GetStartedForm" duration-ms="2" started-at="2020-12-26T21:26:31Z" data-provider="data" finished-at="2020-12-26T21:26:31Z">
          <params>
            <param index="0">
              <value>
                <![CDATA[{Birthdate=02-11-1992, FirstName=Toom, Zipcode=22003, LastName=Smith, Runmode=N, PhoneNumber=(571)-379-0222, Email=tom@tom.com, Browser=chrome}]]>
              </value>
            </param>
          </params>
          <exception class="java.lang.NullPointerException">
            <full-stacktrace>
              <![CDATA[java.lang.NullPointerException
at com.nationalguard.base.BaseTest.getLog(BaseTest.java:474)
at com.nationalguard.testcases.GetStartedFormTest.GetStartedForm(GetStartedFormTest.java:19)
at sun.reflect.NativeMethodAccessorImpl.invoke0(Native Method)
at sun.reflect.NativeMethodAccessorImpl.invoke(NativeMethodAccessorImpl.java:62)
at sun.reflect.DelegatingMethodAccessorImpl.invoke(DelegatingMethodAccessorImpl.java:43)
at java.lang.reflect.Method.invoke(Method.java:498)
at org.testng.internal.MethodInvocationHelper.invokeMethod(MethodInvocationHelper.java:124)
at org.testng.internal.Invoker.invokeMethod(Invoker.java:583)
at org.testng.internal.Invoker.invokeTestMethod(Invoker.java:719)
at org.testng.internal.Invoker.invokeTestMethods(Invoker.java:989)
at org.testng.internal.TestMethodWorker.invokeTestMethods(TestMethodWorker.java:125)
at org.testng.internal.TestMethodWorker.run(TestMethodWorker.java:109)
at org.testng.TestRunner.privateRun(TestRunner.java:648)
at org.testng.TestRunner.run(TestRunner.java:505)
at org.testng.SuiteRunner.runTest(SuiteRunner.java:455)
at org.testng.SuiteRunner.runSequentially(SuiteRunner.java:450)
at org.testng.SuiteRunner.privateRun(SuiteRunner.java:415)
at org.testng.SuiteRunner.run(SuiteRunner.java:364)
at org.testng.SuiteRunnerWorker.runSuite(SuiteRunnerWorker.java:52)
at org.testng.SuiteRunnerWorker.run(SuiteRunnerWorker.java:84)
at org.testng.TestNG.runSuitesSequentially(TestNG.java:1208)
at org.testng.TestNG.runSuitesLocally(TestNG.java:1137)
at org.testng.TestNG.runSuites(TestNG.java:1049)
at org.testng.TestNG.run(TestNG.java:1017)
at org.testng.remote.AbstractRemoteTestNG.run(AbstractRemoteTestNG.java:115)
at org.testng.remote.RemoteTestNG.initAndRun(RemoteTestNG.java:251)
at org.testng.remote.RemoteTestNG.main(RemoteTestNG.java:77)
]]>
            </full-stacktrace>
          </exception> <!-- java.lang.NullPointerException -->
          <reporter-output>
          </reporter-output>
        </test-method> <!-- GetStartedForm -->
        <test-method status="PASS" signature="quit()[pri:0, instance:com.nationalguard.testcases.GetStartedFormTest@514646ef]" name="quit" is-config="true" duration-ms="0" started-at="2020-12-26T21:26:31Z" finished-at="2020-12-26T21:26:31Z">
          <reporter-output>
          </reporter-output>
        </test-method> <!-- quit -->
        <test-method status="PASS" signature="quit()[pri:0, instance:com.nationalguard.testcases.GetStartedFormTest@514646ef]" name="quit" is-config="true" duration-ms="0" started-at="2020-12-26T21:26:31Z" finished-at="2020-12-26T21:26:31Z">
          <reporter-output>
          </reporter-output>
        </test-method> <!-- quit -->
        <test-method status="PASS" signature="tearDown()[pri:0, instance:com.nationalguard.testcases.GetStartedFormTest@514646ef]" name="tearDown" is-config="true" duration-ms="0" started-at="2020-12-26T21:26:31Z" finished-at="2020-12-26T21:26:31Z">
          <reporter-output>
          </reporter-output>
        </test-method> <!-- tearDown -->
      </class> <!-- com.nationalguard.testcases.GetStartedFormTest -->
    </test> <!-- Default test -->
  </suite> <!-- Default suite -->
</testng-results>
